<?xml version="1.0" encoding="UTF-8"?>
<beans xmlns="http://www.springframework.org/schema/beans"
       xmlns:xsi="http://www.w3.org/2001/XMLSchema-instance"
       xmlns:context="http://www.springframework.org/schema/context"
       xmlns:tx="http://www.springframework.org/schema/tx"
       xmlns:aop="http://www.springframework.org/schema/aop"
       xsi:schemaLocation="http://www.springframework.org/schema/beans
                           http://www.springframework.org/schema/beans/spring-beans.xsd
                           http://www.springframework.org/schema/mvc
                           http://www.springframework.org/schema/mvc/spring-mvc.xsd
                           http://www.springframework.org/schema/tx 
                           http://www.springframework.org/schema/tx/spring-tx-3.0.xsd
                           http://www.springframework.org/schema/context
                           http://www.springframework.org/schema/context/spring-context.xsd
       http://www.springframework.org/schema/aop http://www.springframework.org/schema/aop/spring-aop-3.2.xsd"> 

    <!-- Bean definitions go here -->
    <tx:annotation-driven/>
    
    <context:component-scan base-package="com.sg.superherosightingsspringmvc.dao" />
    <bean id="dataSource" class="org.apache.commons.dbcp2.BasicDataSource">
        <property name="driverClassName" value="com.mysql.jdbc.Driver"/>
        <property name="url" value="jdbc:mysql://aaqkx7g42uv6yi.chprlgnnivuq.us-east-2.rds.amazonaws.com:3306/HeroVillainSightingsDatabase_Test"/>
        <property name="username" value="shobdy342"/>
        <property name="password" value="Qazwsx574938147***"/>
        <property name="initialSize" value="5"/>
        <property name="maxTotal" value="10"/>
    </bean>
    <bean id="transactionManager" class="org.springframework.jdbc.datasource.DataSourceTransactionManager">
        <property name="dataSource" ref="dataSource"/>
    </bean>
    <bean id="jdbcTemplate" class="org.springframework.jdbc.core.JdbcTemplate">
        <property name="dataSource" ref="dataSource"/>
    </bean>
    <bean id="AddressDao" class="com.sg.superherosightingsspringmvc.dao.AddressDaoJdbcTemplateImpl">
        <property name="jdbcTemplate" ref="jdbcTemplate"/>
    </bean>
    <bean id="locationDao" class="com.sg.superherosightingsspringmvc.dao.LocationDaoJdbcTemplateImpl">
        <property name="jdbcTemplate" ref="jdbcTemplate"/>
    </bean>
    <bean id="organizationDao" class="com.sg.superherosightingsspringmvc.dao.OrganizationDaoJdbcTemplateImpl">
        <property name="jdbcTemplate" ref="jdbcTemplate"/>
    </bean>
    <bean id="personDao" class="com.sg.superherosightingsspringmvc.dao.PersonDaoJdbcTemplateImpl">
        <property name="jdbcTemplate" ref="jdbcTemplate"/>
    </bean>
    <bean id="personLocationDao" class="com.sg.superherosightingsspringmvc.dao.PersonLocationDaoJdbcTemplateImpl">
        <property name="jdbcTemplate" ref="jdbcTemplate"/>
    </bean>
    <bean id="personOrganizationDao" class="com.sg.superherosightingsspringmvc.dao.PersonOrganizationDaoJdbcTemplateImpl">
        <property name="jdbcTemplate" ref="jdbcTemplate"/>
    </bean>
    
    <bean id="AddressService" class="com.sg.superherosightingsspringmvc.service.AddressServiceImpl"/>
    <bean id="LocationService" class="com.sg.superherosightingsspringmvc.service.LocationServiceImpl"/>
    <bean id="OrganizationService" class="com.sg.superherosightingsspringmvc.service.OrganizationServiceImpl"/>
    <bean id="PersonLocationService" class="com.sg.superherosightingsspringmvc.service.PersonLocationServiceImpl"/>
    <bean id="PersonOrganizationService" class="com.sg.superherosightingsspringmvc.service.PersonOrganizationServiceImpl"/>
    <bean id="PersonService" class="com.sg.superherosightingsspringmvc.service.PersonServiceImpl"/>
    
    
    <bean id="vendingMachineDao" class="com.sg.superherosightingsspringmvc.vendingmachine.dao.VendingMachineDaoFileImpl"/>
    
    <bean id="vendingMachineDaoStub" class="com.sg.superherosightingsspringmvc.vendingmachine.dao.VendingMachineDaoStubImpl"/>

    <bean id="serviceLayer" class="com.sg.superherosightingsspringmvc.vendingmachine.service.VendingMachineServiceLayerImpl">
        <constructor-arg ref="vendingMachineDaoStub"/>
    </bean>
    
</beans>
